<?xml version="1.0" encoding="UTF-8"?>
<!-- Generated by org.testng.reporters.JUnitXMLReporter -->
<testsuite hostname="Vitalis-MBP.fios-router.home" ignored="0" name="Command line test" tests="8" failures="0" timestamp="16 Jan 2018 23:36:11 GMT" time="33.37" errors="0">
  <testcase name="checkEmptyLogIn" time="1.058" classname="com.tecnosoft.training.first.maven.testNG.TestEmptyLogIn"/>
  <testcase name="incorrectLogIn" time="7.623" classname="com.tecnosoft.training.first.maven.testNG.TestIncorrectLogIn"/>
  <testcase name="testID" time="0.013" classname="com.tecnosoft.training.first.maven.testNG.TestTitleChrome"/>
  <testcase name="testID" time="0.016" classname="com.tecnosoft.training.first.maven.testNG.TestTitleFirefox"/>
  <testcase name="testID" time="0.165" classname="com.tecnosoft.training.first.maven.testNG.TestTitleSafari"/>
  <testcase name="testUrl" time="0.008" classname="com.tecnosoft.training.first.maven.testNG.TestUrlChrome"/>
  <testcase name="testUrl" time="0.014" classname="com.tecnosoft.training.first.maven.testNG.TestUrlFirefox"/>
  <testcase name="testUrl" time="0.006" classname="com.tecnosoft.training.first.maven.testNG.TestUrlSafari"/>
</testsuite> <!-- Command line test -->
